<?xml version="1.0" encoding="UTF-8"?>
<testng-results skipped="0" failed="1" ignored="0" total="2" passed="1">
  <reporter-output>
  </reporter-output>
  <suite name="Default suite" duration-ms="25264" started-at="2023-01-04T06:10:14 CST" finished-at="2023-01-04T06:10:39 CST">
    <groups>
    </groups>
    <test name="Default test" duration-ms="25264" started-at="2023-01-04T06:10:14 CST" finished-at="2023-01-04T06:10:39 CST">
      <class name="com.techfios.Session5.LoginTest3">
        <test-method status="PASS" signature="readConfig()[pri:0, instance:com.techfios.Session5.LoginTest3@26a7b76d]" name="readConfig" is-config="true" duration-ms="10" started-at="2023-01-04T06:10:14 CST" finished-at="2023-01-04T06:10:14 CST">
          <reporter-output>
          </reporter-output>
        </test-method> <!-- readConfig -->
        <test-method status="PASS" signature="init()[pri:0, instance:com.techfios.Session5.LoginTest3@26a7b76d]" name="init" is-config="true" duration-ms="6481" started-at="2023-01-04T06:10:14 CST" finished-at="2023-01-04T06:10:20 CST">
          <reporter-output>
          </reporter-output>
        </test-method> <!-- init -->
        <test-method status="PASS" signature="loginTest()[pri:1, instance:com.techfios.Session5.LoginTest3@26a7b76d]" name="loginTest" duration-ms="2817" started-at="2023-01-04T06:10:20 CST" finished-at="2023-01-04T06:10:23 CST">
          <reporter-output>
          </reporter-output>
        </test-method> <!-- loginTest -->
        <test-method status="PASS" signature="init()[pri:0, instance:com.techfios.Session5.LoginTest3@26a7b76d]" name="init" is-config="true" duration-ms="6318" started-at="2023-01-04T06:10:23 CST" finished-at="2023-01-04T06:10:29 CST">
          <reporter-output>
          </reporter-output>
        </test-method> <!-- init -->
        <test-method status="FAIL" signature="addCustomer()[pri:2, instance:com.techfios.Session5.LoginTest3@26a7b76d]" name="addCustomer" duration-ms="9576" started-at="2023-01-04T06:10:29 CST" finished-at="2023-01-04T06:10:39 CST">
          <exception class="junit.framework.ComparisonFailure">
            <message>
              <![CDATA[Page not found Mama!!! expected:<Add Contact> but was:<>]]>
            </message>
            <full-stacktrace>
              <![CDATA[junit.framework.ComparisonFailure: Page not found Mama!!! expected:<Add Contact> but was:<>
at junit.framework.Assert.assertEquals(Assert.java:81)
at com.techfios.Session5.LoginTest3.addCustomer(LoginTest3.java:113)
at sun.reflect.NativeMethodAccessorImpl.invoke0(Native Method)
at sun.reflect.NativeMethodAccessorImpl.invoke(NativeMethodAccessorImpl.java:62)
at sun.reflect.DelegatingMethodAccessorImpl.invoke(DelegatingMethodAccessorImpl.java:43)
at java.lang.reflect.Method.invoke(Method.java:498)
at org.testng.internal.MethodInvocationHelper.invokeMethod(MethodInvocationHelper.java:133)
at org.testng.internal.TestInvoker.invokeMethod(TestInvoker.java:598)
at org.testng.internal.TestInvoker.invokeTestMethod(TestInvoker.java:173)
at org.testng.internal.MethodRunner.runInSequence(MethodRunner.java:46)
at org.testng.internal.TestInvoker$MethodInvocationAgent.invoke(TestInvoker.java:824)
at org.testng.internal.TestInvoker.invokeTestMethods(TestInvoker.java:146)
at org.testng.internal.TestMethodWorker.invokeTestMethods(TestMethodWorker.java:146)
at org.testng.internal.TestMethodWorker.run(TestMethodWorker.java:128)
at java.util.ArrayList.forEach(ArrayList.java:1259)
at org.testng.TestRunner.privateRun(TestRunner.java:794)
at org.testng.TestRunner.run(TestRunner.java:596)
at org.testng.SuiteRunner.runTest(SuiteRunner.java:377)
at org.testng.SuiteRunner.runSequentially(SuiteRunner.java:371)
at org.testng.SuiteRunner.privateRun(SuiteRunner.java:332)
at org.testng.SuiteRunner.run(SuiteRunner.java:276)
at org.testng.SuiteRunnerWorker.runSuite(SuiteRunnerWorker.java:53)
at org.testng.SuiteRunnerWorker.run(SuiteRunnerWorker.java:96)
at org.testng.TestNG.runSuitesSequentially(TestNG.java:1212)
at org.testng.TestNG.runSuitesLocally(TestNG.java:1134)
at org.testng.TestNG.runSuites(TestNG.java:1063)
at org.testng.TestNG.run(TestNG.java:1031)
at org.testng.remote.AbstractRemoteTestNG.run(AbstractRemoteTestNG.java:115)
at org.testng.remote.RemoteTestNG.initAndRun(RemoteTestNG.java:251)
at org.testng.remote.RemoteTestNG.main(RemoteTestNG.java:77)
]]>
            </full-stacktrace>
          </exception> <!-- junit.framework.ComparisonFailure -->
          <reporter-output>
          </reporter-output>
        </test-method> <!-- addCustomer -->
      </class> <!-- com.techfios.Session5.LoginTest3 -->
    </test> <!-- Default test -->
  </suite> <!-- Default suite -->
</testng-results>
